  소스.cpp
C:\Users\김선명\source\repos\Quine-MacClusky\Quine-MacClusky\소스.cpp(1,31): warning C4616:  #pragma warning: 경고 번호 '3861'은(는) 올바른 컴파일러 경고가 아닙니다.
C:\Users\김선명\source\repos\Quine-MacClusky\Quine-MacClusky\소스.cpp(38,54): warning C4554:  '&': 연산자 우선 순위에 오류가 있는지 확인하세요. 괄호를 사용하여 우선 순위를 명확하게 지정하세요.
C:\Users\김선명\source\repos\Quine-MacClusky\Quine-MacClusky\소스.cpp(69,7): warning C4554:  '&': 연산자 우선 순위에 오류가 있는지 확인하세요. 괄호를 사용하여 우선 순위를 명확하게 지정하세요.
C:\Users\김선명\source\repos\Quine-MacClusky\Quine-MacClusky\소스.cpp(69,54): warning C4554:  '&': 연산자 우선 순위에 오류가 있는지 확인하세요. 괄호를 사용하여 우선 순위를 명확하게 지정하세요.
C:\Users\김선명\source\repos\Quine-MacClusky\Quine-MacClusky\소스.cpp(72,44): warning C4554:  '&': 연산자 우선 순위에 오류가 있는지 확인하세요. 괄호를 사용하여 우선 순위를 명확하게 지정하세요.
C:\Users\김선명\source\repos\Quine-MacClusky\Quine-MacClusky\소스.cpp(108,52): warning C4554:  '&': 연산자 우선 순위에 오류가 있는지 확인하세요. 괄호를 사용하여 우선 순위를 명확하게 지정하세요.
C:\Users\김선명\source\repos\Quine-MacClusky\Quine-MacClusky\소스.cpp(133,7): warning C4554:  '&': 연산자 우선 순위에 오류가 있는지 확인하세요. 괄호를 사용하여 우선 순위를 명확하게 지정하세요.
C:\Users\김선명\source\repos\Quine-MacClusky\Quine-MacClusky\소스.cpp(133,69): warning C4554:  '&': 연산자 우선 순위에 오류가 있는지 확인하세요. 괄호를 사용하여 우선 순위를 명확하게 지정하세요.
C:\Users\김선명\source\repos\Quine-MacClusky\Quine-MacClusky\소스.cpp(365,7): warning C4554:  '&': 연산자 우선 순위에 오류가 있는지 확인하세요. 괄호를 사용하여 우선 순위를 명확하게 지정하세요.
C:\Users\김선명\source\repos\Quine-MacClusky\Quine-MacClusky\소스.cpp(365,121): warning C4554:  '&': 연산자 우선 순위에 오류가 있는지 확인하세요. 괄호를 사용하여 우선 순위를 명확하게 지정하세요.
C:\Users\김선명\source\repos\Quine-MacClusky\Quine-MacClusky\소스.cpp(450,7): warning C4554:  '&': 연산자 우선 순위에 오류가 있는지 확인하세요. 괄호를 사용하여 우선 순위를 명확하게 지정하세요.
C:\Users\김선명\source\repos\Quine-MacClusky\Quine-MacClusky\소스.cpp(450,121): warning C4554:  '&': 연산자 우선 순위에 오류가 있는지 확인하세요. 괄호를 사용하여 우선 순위를 명확하게 지정하세요.
C:\Users\김선명\source\repos\Quine-MacClusky\Quine-MacClusky\소스.cpp(468,54): warning C4554:  '&': 연산자 우선 순위에 오류가 있는지 확인하세요. 괄호를 사용하여 우선 순위를 명확하게 지정하세요.
C:\Users\김선명\source\repos\Quine-MacClusky\Quine-MacClusky\소스.cpp(518,53): warning C4554:  '&': 연산자 우선 순위에 오류가 있는지 확인하세요. 괄호를 사용하여 우선 순위를 명확하게 지정하세요.
C:\Users\김선명\source\repos\Quine-MacClusky\Quine-MacClusky\소스.cpp(642,55): warning C4554:  '&': 연산자 우선 순위에 오류가 있는지 확인하세요. 괄호를 사용하여 우선 순위를 명확하게 지정하세요.
C:\Users\김선명\source\repos\Quine-MacClusky\Quine-MacClusky\소스.cpp(690,55): warning C4554:  '&': 연산자 우선 순위에 오류가 있는지 확인하세요. 괄호를 사용하여 우선 순위를 명확하게 지정하세요.
C:\Users\김선명\source\repos\Quine-MacClusky\Quine-MacClusky\소스.cpp(707,53): warning C4554:  '&': 연산자 우선 순위에 오류가 있는지 확인하세요. 괄호를 사용하여 우선 순위를 명확하게 지정하세요.
C:\Users\김선명\source\repos\Quine-MacClusky\Quine-MacClusky\소스.cpp(597,8): warning C4101:  'tttt' :참조되지 않은 지역 변수입니다.
C:\Users\김선명\source\repos\Quine-MacClusky\Quine-MacClusky\소스.cpp(740,13): warning C4326:  'main'의 반환 형식이 'int'이어야 하는데 'void'입니다.
  Quine-MacClusky.vcxproj -> C:\Users\김선명\source\repos\Quine-MacClusky\Debug\Quine-MacClusky.exe
